<?xml version="1.0" encoding="UTF-8"?>
<!-- Generated by org.testng.reporters.JUnitReportReporter -->
<testsuite hostname="DESKTOP-422QJLE" failures="0" tests="1" name="com.base.Driverscript" time="30.850" errors="0" timestamp="2024-02-29T23:28:26 IST" skipped="0">
  <testcase classname="com.base.Driverscript" name="setup" time="30.850"/>
  <system-out/>
</testsuite> <!-- com.base.Driverscript -->
