<?xml version="1.0" encoding="UTF-8"?>
<!-- Generated by org.testng.reporters.JUnitReportReporter -->
<testsuite hostname="DESKTOP-422QJLE" failures="0" tests="1" name="com.test.BaseTest" time="78.000" errors="0" timestamp="2024-03-01T00:17:00 IST" skipped="0">
  <testcase classname="com.test.BaseTest" name="setup" time="78.000"/>
  <system-out/>
</testsuite> <!-- com.test.BaseTest -->
