<?xml version="1.0" encoding="UTF-8"?>
<!-- Generated by org.testng.reporters.JUnitReportReporter -->
<testsuite hostname="DESKTOP-422QJLE" failures="0" tests="1" name="com.test.testaddtocard" time="158.418" errors="0" timestamp="2024-03-05T18:13:14 IST" skipped="0">
  <testcase classname="com.test.testaddtocard" name="addtocardpagetest" time="158.418"/>
  <system-out/>
</testsuite> <!-- com.test.testaddtocard -->
